<?xml version="1.0" encoding="UTF-8"?>
<!-- Generated by org.testng.reporters.JUnitXMLReporter -->
<testsuite ignored="0" hostname="DASARI" failures="0" tests="7" name="my test" time="23.02" errors="0" timestamp="2024-07-08T22:43:46 IST">
  <testcase classname="TESTNG_PRATICE.tESTNG_1" name="open" time="0.015"/>
  <testcase classname="TESTNG_PRATICE.tESTNG_1" name="login" time="0.004"/>
  <testcase classname="TESTNG_PRATICE.tESTNG_1" name="logout" time="0.009"/>
  <testcase classname="TESTNG_PRATICE.testNG_2" name="openapp" time="6.467"/>
  <testcase classname="TESTNG_PRATICE.testNG_2" name="Testlogo" time="10.168"/>
  <testcase classname="TESTNG_PRATICE.testNG_2" name="Testlogin" time="5.805"/>
  <testcase classname="TESTNG_PRATICE.testNG_2" name="close" time="0.436"/>
</testsuite> <!-- my test -->
