<?xml version="1.0" encoding="UTF-8"?>
<testng-results ignored="0" total="1" passed="1" failed="0" skipped="0">
  <reporter-output>
  </reporter-output>
  <suite started-at="2024-08-02T16:57:41 IST" name="Default suite" finished-at="2024-08-02T16:58:07 IST" duration-ms="25689">
    <groups>
    </groups>
    <test started-at="2024-08-02T16:57:41 IST" name="Default test" finished-at="2024-08-02T16:58:07 IST" duration-ms="25689">
      <class name="com.testCases.LOGINPAGETEST2">
        <test-method is-config="true" signature="setUp()[pri:0, instance:com.testCases.LOGINPAGETEST2@710c2b53]" started-at="2024-08-02T16:57:41 IST" name="setUp" finished-at="2024-08-02T16:57:43 IST" duration-ms="1399" status="PASS">
          <reporter-output>
          </reporter-output>
        </test-method> <!-- setUp -->
        <test-method signature="verfining()[pri:0, instance:com.testCases.LOGINPAGETEST2@710c2b53]" started-at="2024-08-02T16:57:43 IST" name="verfining" finished-at="2024-08-02T16:58:07 IST" duration-ms="24071" status="PASS">
          <reporter-output>
          </reporter-output>
        </test-method> <!-- verfining -->
      </class> <!-- com.testCases.LOGINPAGETEST2 -->
    </test> <!-- Default test -->
  </suite> <!-- Default suite -->
</testng-results>
